# JRE version: OpenJDK Runtime Environment Temurin-17.0.1+12 (17.0.1+12) (build 17.0.1+12)
# Java VM: OpenJDK 64-Bit Server VM Temurin-17.0.1+12 (17.0.1+12, mixed mode, tiered, compressed oops, compressed class ptrs, parallel gc, windows-amd64)
GC Precious Log:
 CPUs: 4 total, 4 available
 Memory: 6017M
 Large Page Support: Disabled
 NUMA Support: Disabled
 Compressed Oops: Enabled (32-bit)
 Alignments: Space 512K, Generation 512K, Heap 2M
 Heap Min Capacity: 100M
 Heap Initial Capacity: 100M
 Heap Max Capacity: 1G
 Pre-touch: Disabled
 Parallel Workers: 4
Heap:
 PSYoungGen      total 24576K, used 22345K [0x00000000eab00000, 0x00000000ec900000, 0x0000000100000000)
  eden space 22016K, 89% used [0x00000000eab00000,0x00000000ebe56628,0x00000000ec080000)
  from space 2560K, 99% used [0x00000000ec680000,0x00000000ec8fc010,0x00000000ec900000)
  to   space 3072K, 0% used [0x00000000ec300000,0x00000000ec300000,0x00000000ec600000)
 ParOldGen       total 68608K, used 26821K [0x00000000c0000000, 0x00000000c4300000, 0x00000000eab00000)
  object space 68608K, 39% used [0x00000000c0000000,0x00000000c1a314f0,0x00000000c4300000)
 Metaspace       used 50998K, committed 51840K, reserved 1097728K
  class space    used 5492K, committed 5888K, reserved 1048576K
GC Heap History (20 events):
Event: 7.615 GC heap before
{Heap before GC invocations=5 (full 1):
 PSYoungGen      total 29696K, used 25600K [0x00000000eab00000, 0x00000000ecc00000, 0x0000000100000000)
  eden space 25600K, 100% used [0x00000000eab00000,0x00000000ec400000,0x00000000ec400000)
  from space 4096K, 0% used [0x00000000ec400000,0x00000000ec400000,0x00000000ec800000)
  to   space 4096K, 0% used [0x00000000ec800000,0x00000000ec800000,0x00000000ecc00000)
 ParOldGen       total 68608K, used 9610K [0x00000000c0000000, 0x00000000c4300000, 0x00000000eab00000)
  object space 68608K, 14% used [0x00000000c0000000,0x00000000c09628f0,0x00000000c4300000)
 Metaspace       used 27916K, committed 28480K, reserved 1081344K
  class space    used 2727K, committed 2944K, reserved 1048576K
}
Event: 7.619 GC heap after
{Heap after GC invocations=5 (full 1):
 PSYoungGen      total 29696K, used 1548K [0x00000000eab00000, 0x00000000ecc00000, 0x0000000100000000)
  eden space 25600K, 0% used [0x00000000eab00000,0x00000000eab00000,0x00000000ec400000)
  from space 4096K, 37% used [0x00000000ec800000,0x00000000ec983250,0x00000000ecc00000)
  to   space 4096K, 0% used [0x00000000ec400000,0x00000000ec400000,0x00000000ec800000)
 ParOldGen       total 68608K, used 9618K [0x00000000c0000000, 0x00000000c4300000, 0x00000000eab00000)
  object space 68608K, 14% used [0x00000000c0000000,0x00000000c09648f0,0x00000000c4300000)
 Metaspace       used 27916K, committed 28480K, reserved 1081344K
  class space    used 2727K, committed 2944K, reserved 1048576K
}
Event: 10.092 GC heap before
{Heap before GC invocations=6 (full 1):
 PSYoungGen      total 29696K, used 25254K [0x00000000eab00000, 0x00000000ecc00000, 0x0000000100000000)
  eden space 25600K, 92% used [0x00000000eab00000,0x00000000ec226940,0x00000000ec400000)
  from space 4096K, 37% used [0x00000000ec800000,0x00000000ec983250,0x00000000ecc00000)
  to   space 4096K, 0% used [0x00000000ec400000,0x00000000ec400000,0x00000000ec800000)
 ParOldGen       total 68608K, used 9618K [0x00000000c0000000, 0x00000000c4300000, 0x00000000eab00000)
  object space 68608K, 14% used [0x00000000c0000000,0x00000000c09648f0,0x00000000c4300000)
 Metaspace       used 35187K, committed 35840K, reserved 1081344K
  class space    used 3746K, committed 4032K, reserved 1048576K
}
Event: 10.097 GC heap after
{Heap after GC invocations=6 (full 1):
 PSYoungGen      total 29696K, used 3776K [0x00000000eab00000, 0x00000000ecd00000, 0x0000000100000000)
  eden space 25600K, 0% used [0x00000000eab00000,0x00000000eab00000,0x00000000ec400000)
  from space 4096K, 92% used [0x00000000ec400000,0x00000000ec7b0070,0x00000000ec800000)
  to   space 4608K, 0% used [0x00000000ec880000,0x00000000ec880000,0x00000000ecd00000)
 ParOldGen       total 68608K, used 9626K [0x00000000c0000000, 0x00000000c4300000, 0x00000000eab00000)
  object space 68608K, 14% used [0x00000000c0000000,0x00000000c09668f0,0x00000000c4300000)
 Metaspace       used 35187K, committed 35840K, reserved 1081344K
  class space    used 3746K, committed 4032K, reserved 1048576K
}
Event: 10.097 GC heap before
{Heap before GC invocations=7 (full 2):
 PSYoungGen      total 29696K, used 3776K [0x00000000eab00000, 0x00000000ecd00000, 0x0000000100000000)
  eden space 25600K, 0% used [0x00000000eab00000,0x00000000eab00000,0x00000000ec400000)
  from space 4096K, 92% used [0x00000000ec400000,0x00000000ec7b0070,0x00000000ec800000)
  to   space 4608K, 0% used [0x00000000ec880000,0x00000000ec880000,0x00000000ecd00000)
 ParOldGen       total 68608K, used 9626K [0x00000000c0000000, 0x00000000c4300000, 0x00000000eab00000)
  object space 68608K, 14% used [0x00000000c0000000,0x00000000c09668f0,0x00000000c4300000)
 Metaspace       used 35187K, committed 35840K, reserved 1081344K
  class space    used 3746K, committed 4032K, reserved 1048576K
}
Event: 10.158 GC heap after
{Heap after GC invocations=7 (full 2):
 PSYoungGen      total 29696K, used 0K [0x00000000eab00000, 0x00000000ecd00000, 0x0000000100000000)
  eden space 25600K, 0% used [0x00000000eab00000,0x00000000eab00000,0x00000000ec400000)
  from space 4096K, 0% used [0x00000000ec400000,0x00000000ec400000,0x00000000ec800000)
  to   space 4608K, 0% used [0x00000000ec880000,0x00000000ec880000,0x00000000ecd00000)
 ParOldGen       total 68608K, used 12089K [0x00000000c0000000, 0x00000000c4300000, 0x00000000eab00000)
  object space 68608K, 17% used [0x00000000c0000000,0x00000000c0bce6b0,0x00000000c4300000)
 Metaspace       used 35187K, committed 35840K, reserved 1081344K
  class space    used 3746K, committed 4032K, reserved 1048576K
}
Event: 11.672 GC heap before
{Heap before GC invocations=8 (full 2):
 PSYoungGen      total 29696K, used 25600K [0x00000000eab00000, 0x00000000ecd00000, 0x0000000100000000)
  eden space 25600K, 100% used [0x00000000eab00000,0x00000000ec400000,0x00000000ec400000)
  from space 4096K, 0% used [0x00000000ec400000,0x00000000ec400000,0x00000000ec800000)
  to   space 4608K, 0% used [0x00000000ec880000,0x00000000ec880000,0x00000000ecd00000)
 ParOldGen       total 68608K, used 12089K [0x00000000c0000000, 0x00000000c4300000, 0x00000000eab00000)
  object space 68608K, 17% used [0x00000000c0000000,0x00000000c0bce6b0,0x00000000c4300000)
 Metaspace       used 39527K, committed 40320K, reserved 1089536K
  class space    used 4267K, committed 4608K, reserved 1048576K
}
Event: 11.678 GC heap after
{Heap after GC invocations=8 (full 2):
 PSYoungGen      total 27648K, used 2251K [0x00000000eab00000, 0x00000000ecb00000, 0x0000000100000000)
  eden space 25088K, 0% used [0x00000000eab00000,0x00000000eab00000,0x00000000ec380000)
  from space 2560K, 87% used [0x00000000ec880000,0x00000000ecab2e00,0x00000000ecb00000)
  to   space 3072K, 0% used [0x00000000ec500000,0x00000000ec500000,0x00000000ec800000)
 ParOldGen       total 68608K, used 12097K [0x00000000c0000000, 0x00000000c4300000, 0x00000000eab00000)
  object space 68608K, 17% used [0x00000000c0000000,0x00000000c0bd06b0,0x00000000c4300000)
 Metaspace       used 39527K, committed 40320K, reserved 1089536K
  class space    used 4267K, committed 4608K, reserved 1048576K
}
Event: 12.496 GC heap before
{Heap before GC invocations=9 (full 2):
 PSYoungGen      total 27648K, used 27339K [0x00000000eab00000, 0x00000000ecb00000, 0x0000000100000000)
  eden space 25088K, 100% used [0x00000000eab00000,0x00000000ec380000,0x00000000ec380000)
  from space 2560K, 87% used [0x00000000ec880000,0x00000000ecab2e00,0x00000000ecb00000)
  to   space 3072K, 0% used [0x00000000ec500000,0x00000000ec500000,0x00000000ec800000)
 ParOldGen       total 68608K, used 12097K [0x00000000c0000000, 0x00000000c4300000, 0x00000000eab00000)
  object space 68608K, 17% used [0x00000000c0000000,0x00000000c0bd06b0,0x00000000c4300000)
 Metaspace       used 42000K, committed 42688K, reserved 1089536K
  class space    used 4565K, committed 4864K, reserved 1048576K
}
Event: 12.508 GC heap after
{Heap after GC invocations=9 (full 2):
 PSYoungGen      total 27648K, used 3051K [0x00000000eab00000, 0x00000000ecd00000, 0x0000000100000000)
  eden space 24576K, 0% used [0x00000000eab00000,0x00000000eab00000,0x00000000ec300000)
  from space 3072K, 99% used [0x00000000ec500000,0x00000000ec7fae20,0x00000000ec800000)
  to   space 5120K, 0% used [0x00000000ec800000,0x00000000ec800000,0x00000000ecd00000)
 ParOldGen       total 68608K, used 13670K [0x00000000c0000000, 0x00000000c4300000, 0x00000000eab00000)
  object space 68608K, 19% used [0x00000000c0000000,0x00000000c0d59a08,0x00000000c4300000)
 Metaspace       used 42000K, committed 42688K, reserved 1089536K
  class space    used 4565K, committed 4864K, reserved 1048576K
}
Event: 13.280 GC heap before
{Heap before GC invocations=10 (full 2):
 PSYoungGen      total 27648K, used 27627K [0x00000000eab00000, 0x00000000ecd00000, 0x0000000100000000)
  eden space 24576K, 100% used [0x00000000eab00000,0x00000000ec300000,0x00000000ec300000)
  from space 3072K, 99% used [0x00000000ec500000,0x00000000ec7fae20,0x00000000ec800000)
  to   space 5120K, 0% used [0x00000000ec800000,0x00000000ec800000,0x00000000ecd00000)
 ParOldGen       total 68608K, used 13670K [0x00000000c0000000, 0x00000000c4300000, 0x00000000eab00000)
  object space 68608K, 19% used [0x00000000c0000000,0x00000000c0d59a08,0x00000000c4300000)
 Metaspace       used 43115K, committed 43840K, reserved 1089536K
  class space    used 4713K, committed 4992K, reserved 1048576K
}
Event: 13.293 GC heap after
{Heap after GC invocations=10 (full 2):
 PSYoungGen      total 28672K, used 5115K [0x00000000eab00000, 0x00000000ece80000, 0x0000000100000000)
  eden space 23552K, 0% used [0x00000000eab00000,0x00000000eab00000,0x00000000ec200000)
  from space 5120K, 99% used [0x00000000ec800000,0x00000000eccfee10,0x00000000ecd00000)
  to   space 6144K, 0% used [0x00000000ec200000,0x00000000ec200000,0x00000000ec800000)
 ParOldGen       total 68608K, used 14025K [0x00000000c0000000, 0x00000000c4300000, 0x00000000eab00000)
  object space 68608K, 20% used [0x00000000c0000000,0x00000000c0db27e8,0x00000000c4300000)
 Metaspace       used 43115K, committed 43840K, reserved 1089536K
  class space    used 4713K, committed 4992K, reserved 1048576K
}
Event: 13.645 GC heap before
{Heap before GC invocations=11 (full 2):
 PSYoungGen      total 28672K, used 28667K [0x00000000eab00000, 0x00000000ece80000, 0x0000000100000000)
  eden space 23552K, 100% used [0x00000000eab00000,0x00000000ec200000,0x00000000ec200000)
  from space 5120K, 99% used [0x00000000ec800000,0x00000000eccfee10,0x00000000ecd00000)
  to   space 6144K, 0% used [0x00000000ec200000,0x00000000ec200000,0x00000000ec800000)
 ParOldGen       total 68608K, used 14025K [0x00000000c0000000, 0x00000000c4300000, 0x00000000eab00000)
  object space 68608K, 20% used [0x00000000c0000000,0x00000000c0db27e8,0x00000000c4300000)
 Metaspace       used 43710K, committed 44416K, reserved 1089536K
  class space    used 4804K, committed 5120K, reserved 1048576K
}
Event: 13.658 GC heap after
{Heap after GC invocations=11 (full 2):
 PSYoungGen      total 29184K, used 6112K [0x00000000eab00000, 0x00000000ed280000, 0x0000000100000000)
  eden space 23040K, 0% used [0x00000000eab00000,0x00000000eab00000,0x00000000ec180000)
  from space 6144K, 99% used [0x00000000ec200000,0x00000000ec7f8030,0x00000000ec800000)
  to   space 8704K, 0% used [0x00000000eca00000,0x00000000eca00000,0x00000000ed280000)
 ParOldGen       total 68608K, used 15834K [0x00000000c0000000, 0x00000000c4300000, 0x00000000eab00000)
  object space 68608K, 23% used [0x00000000c0000000,0x00000000c0f768a0,0x00000000c4300000)
 Metaspace       used 43710K, committed 44416K, reserved 1089536K
  class space    used 4804K, committed 5120K, reserved 1048576K
}
Event: 13.801 GC heap before
{Heap before GC invocations=12 (full 2):
 PSYoungGen      total 29184K, used 29152K [0x00000000eab00000, 0x00000000ed280000, 0x0000000100000000)
  eden space 23040K, 100% used [0x00000000eab00000,0x00000000ec180000,0x00000000ec180000)
  from space 6144K, 99% used [0x00000000ec200000,0x00000000ec7f8030,0x00000000ec800000)
  to   space 8704K, 0% used [0x00000000eca00000,0x00000000eca00000,0x00000000ed280000)
 ParOldGen       total 68608K, used 15834K [0x00000000c0000000, 0x00000000c4300000, 0x00000000eab00000)
  object space 68608K, 23% used [0x00000000c0000000,0x00000000c0f768a0,0x00000000c4300000)
 Metaspace       used 44077K, committed 44800K, reserved 1089536K
  class space    used 4843K, committed 5184K, reserved 1048576K
}
Event: 13.815 GC heap after
{Heap after GC invocations=12 (full 2):
 PSYoungGen      total 28160K, used 5184K [0x00000000eab00000, 0x00000000ecf80000, 0x0000000100000000)
  eden space 22528K, 0% used [0x00000000eab00000,0x00000000eab00000,0x00000000ec100000)
  from space 5632K, 92% used [0x00000000eca00000,0x00000000ecf10020,0x00000000ecf80000)
  to   space 6656K, 0% used [0x00000000ec280000,0x00000000ec280000,0x00000000ec900000)
 ParOldGen       total 68608K, used 19322K [0x00000000c0000000, 0x00000000c4300000, 0x00000000eab00000)
  object space 68608K, 28% used [0x00000000c0000000,0x00000000c12de8c0,0x00000000c4300000)
 Metaspace       used 44077K, committed 44800K, reserved 1089536K
  class space    used 4843K, committed 5184K, reserved 1048576K
}
Event: 13.986 GC heap before
{Heap before GC invocations=13 (full 2):
 PSYoungGen      total 28160K, used 27712K [0x00000000eab00000, 0x00000000ecf80000, 0x0000000100000000)
  eden space 22528K, 100% used [0x00000000eab00000,0x00000000ec100000,0x00000000ec100000)
  from space 5632K, 92% used [0x00000000eca00000,0x00000000ecf10020,0x00000000ecf80000)
  to   space 6656K, 0% used [0x00000000ec280000,0x00000000ec280000,0x00000000ec900000)
 ParOldGen       total 68608K, used 19322K [0x00000000c0000000, 0x00000000c4300000, 0x00000000eab00000)
  object space 68608K, 28% used [0x00000000c0000000,0x00000000c12de8c0,0x00000000c4300000)
 Metaspace       used 44171K, committed 44928K, reserved 1089536K
  class space    used 4848K, committed 5184K, reserved 1048576K
}
Event: 13.999 GC heap after
{Heap after GC invocations=13 (full 2):
 PSYoungGen      total 25088K, used 2560K [0x00000000eab00000, 0x00000000eca80000, 0x0000000100000000)
  eden space 22016K, 0% used [0x00000000eab00000,0x00000000eab00000,0x00000000ec080000)
  from space 3072K, 83% used [0x00000000ec280000,0x00000000ec500010,0x00000000ec580000)
  to   space 4096K, 0% used [0x00000000ec680000,0x00000000ec680000,0x00000000eca80000)
 ParOldGen       total 68608K, used 24325K [0x00000000c0000000, 0x00000000c4300000, 0x00000000eab00000)
  object space 68608K, 35% used [0x00000000c0000000,0x00000000c17c14e0,0x00000000c4300000)
 Metaspace       used 44171K, committed 44928K, reserved 1089536K
  class space    used 4848K, committed 5184K, reserved 1048576K
}
Event: 17.079 GC heap before
{Heap before GC invocations=14 (full 2):
 PSYoungGen      total 25088K, used 24576K [0x00000000eab00000, 0x00000000eca80000, 0x0000000100000000)
  eden space 22016K, 100% used [0x00000000eab00000,0x00000000ec080000,0x00000000ec080000)
  from space 3072K, 83% used [0x00000000ec280000,0x00000000ec500010,0x00000000ec580000)
  to   space 4096K, 0% used [0x00000000ec680000,0x00000000ec680000,0x00000000eca80000)
 ParOldGen       total 68608K, used 24325K [0x00000000c0000000, 0x00000000c4300000, 0x00000000eab00000)
  object space 68608K, 35% used [0x00000000c0000000,0x00000000c17c14e0,0x00000000c4300000)
 Metaspace       used 48565K, committed 49344K, reserved 1097728K
  class space    used 5300K, committed 5632K, reserved 1048576K
}
Event: 17.091 GC heap after
{Heap after GC invocations=14 (full 2):
 PSYoungGen      total 24576K, used 2544K [0x00000000eab00000, 0x00000000ec900000, 0x0000000100000000)
  eden space 22016K, 0% used [0x00000000eab00000,0x00000000eab00000,0x00000000ec080000)
  from space 2560K, 99% used [0x00000000ec680000,0x00000000ec8fc010,0x00000000ec900000)
  to   space 3072K, 0% used [0x00000000ec300000,0x00000000ec300000,0x00000000ec600000)
 ParOldGen       total 68608K, used 26821K [0x00000000c0000000, 0x00000000c4300000, 0x00000000eab00000)
  object space 68608K, 39% used [0x00000000c0000000,0x00000000c1a314f0,0x00000000c4300000)
 Metaspace       used 48565K, committed 49344K, reserved 1097728K
  class space    used 5300K, committed 5632K, reserved 1048576K
}

